c:\users\jacob knudsen\google drev\crustcrawler\projekt\dynamixel\p3\p3-325c70fd5aebbd129a3583fdb97339f83d80e37f\serial\serial-pc\serial-pc\debug\vc142.pdb
c:\users\jacob knudsen\google drev\crustcrawler\projekt\dynamixel\p3\p3-325c70fd5aebbd129a3583fdb97339f83d80e37f\serial\serial-pc\serial-pc\debug\vc142.idb
c:\users\jacob knudsen\google drev\crustcrawler\projekt\dynamixel\p3\p3-325c70fd5aebbd129a3583fdb97339f83d80e37f\serial\serial-pc\serial-pc\debug\source.obj
c:\users\jacob knudsen\google drev\crustcrawler\projekt\dynamixel\p3\p3-325c70fd5aebbd129a3583fdb97339f83d80e37f\serial\serial-pc\serial-pc\debug\serial-pc.obj
c:\users\jacob knudsen\google drev\crustcrawler\projekt\dynamixel\p3\p3-325c70fd5aebbd129a3583fdb97339f83d80e37f\serial\serial-pc\serial-pc\debug\control.obj
c:\users\jacob knudsen\google drev\crustcrawler\projekt\dynamixel\p3\p3-325c70fd5aebbd129a3583fdb97339f83d80e37f\serial\serial-pc\serial-pc\debug\run this.obj
c:\users\jacob knudsen\google drev\crustcrawler\projekt\dynamixel\p3\p3-325c70fd5aebbd129a3583fdb97339f83d80e37f\serial\serial-pc\serial-pc\debug\datacollector.obj
c:\users\jacob knudsen\google drev\crustcrawler\projekt\dynamixel\p3\p3-325c70fd5aebbd129a3583fdb97339f83d80e37f\serial\serial-pc\debug\serial-pc.exe
c:\users\jacob knudsen\google drev\crustcrawler\projekt\dynamixel\p3\p3-325c70fd5aebbd129a3583fdb97339f83d80e37f\serial\serial-pc\debug\serial-pc.ilk
c:\users\jacob knudsen\google drev\crustcrawler\projekt\dynamixel\p3\p3-325c70fd5aebbd129a3583fdb97339f83d80e37f\serial\serial-pc\debug\serial-pc.pdb
c:\users\jacob knudsen\google drev\crustcrawler\projekt\dynamixel\p3\p3-325c70fd5aebbd129a3583fdb97339f83d80e37f\serial\serial-pc\serial-pc\debug\serial-pc.tlog\cl.command.1.tlog
c:\users\jacob knudsen\google drev\crustcrawler\projekt\dynamixel\p3\p3-325c70fd5aebbd129a3583fdb97339f83d80e37f\serial\serial-pc\serial-pc\debug\serial-pc.tlog\cl.read.1.tlog
c:\users\jacob knudsen\google drev\crustcrawler\projekt\dynamixel\p3\p3-325c70fd5aebbd129a3583fdb97339f83d80e37f\serial\serial-pc\serial-pc\debug\serial-pc.tlog\cl.write.1.tlog
c:\users\jacob knudsen\google drev\crustcrawler\projekt\dynamixel\p3\p3-325c70fd5aebbd129a3583fdb97339f83d80e37f\serial\serial-pc\serial-pc\debug\serial-pc.tlog\link-cvtres.read.1.tlog
c:\users\jacob knudsen\google drev\crustcrawler\projekt\dynamixel\p3\p3-325c70fd5aebbd129a3583fdb97339f83d80e37f\serial\serial-pc\serial-pc\debug\serial-pc.tlog\link-cvtres.write.1.tlog
c:\users\jacob knudsen\google drev\crustcrawler\projekt\dynamixel\p3\p3-325c70fd5aebbd129a3583fdb97339f83d80e37f\serial\serial-pc\serial-pc\debug\serial-pc.tlog\link-rc.read.1.tlog
c:\users\jacob knudsen\google drev\crustcrawler\projekt\dynamixel\p3\p3-325c70fd5aebbd129a3583fdb97339f83d80e37f\serial\serial-pc\serial-pc\debug\serial-pc.tlog\link-rc.write.1.tlog
c:\users\jacob knudsen\google drev\crustcrawler\projekt\dynamixel\p3\p3-325c70fd5aebbd129a3583fdb97339f83d80e37f\serial\serial-pc\serial-pc\debug\serial-pc.tlog\link.19928-cvtres.read.1.tlog
c:\users\jacob knudsen\google drev\crustcrawler\projekt\dynamixel\p3\p3-325c70fd5aebbd129a3583fdb97339f83d80e37f\serial\serial-pc\serial-pc\debug\serial-pc.tlog\link.19928-cvtres.write.1.tlog
c:\users\jacob knudsen\google drev\crustcrawler\projekt\dynamixel\p3\p3-325c70fd5aebbd129a3583fdb97339f83d80e37f\serial\serial-pc\serial-pc\debug\serial-pc.tlog\link.19928-rc.read.1.tlog
c:\users\jacob knudsen\google drev\crustcrawler\projekt\dynamixel\p3\p3-325c70fd5aebbd129a3583fdb97339f83d80e37f\serial\serial-pc\serial-pc\debug\serial-pc.tlog\link.19928-rc.write.1.tlog
c:\users\jacob knudsen\google drev\crustcrawler\projekt\dynamixel\p3\p3-325c70fd5aebbd129a3583fdb97339f83d80e37f\serial\serial-pc\serial-pc\debug\serial-pc.tlog\link.19928.read.1.tlog
c:\users\jacob knudsen\google drev\crustcrawler\projekt\dynamixel\p3\p3-325c70fd5aebbd129a3583fdb97339f83d80e37f\serial\serial-pc\serial-pc\debug\serial-pc.tlog\link.19928.write.1.tlog
c:\users\jacob knudsen\google drev\crustcrawler\projekt\dynamixel\p3\p3-325c70fd5aebbd129a3583fdb97339f83d80e37f\serial\serial-pc\serial-pc\debug\serial-pc.tlog\link.command.1.tlog
c:\users\jacob knudsen\google drev\crustcrawler\projekt\dynamixel\p3\p3-325c70fd5aebbd129a3583fdb97339f83d80e37f\serial\serial-pc\serial-pc\debug\serial-pc.tlog\link.read.1.tlog
c:\users\jacob knudsen\google drev\crustcrawler\projekt\dynamixel\p3\p3-325c70fd5aebbd129a3583fdb97339f83d80e37f\serial\serial-pc\serial-pc\debug\serial-pc.tlog\link.write.1.tlog
