  Control.cpp
C:\Users\Jacob Knudsen\Google Drev\Crustcrawler\Projekt\Dynamixel\P3\P3-325c70fd5aebbd129a3583fdb97339f83d80e37f\Serial\Serial-PC\Serial-PC\Control.cpp(18,12): warning C4244: '=': conversion from 'double' to 'char', possible loss of data
C:\Users\Jacob Knudsen\Google Drev\Crustcrawler\Projekt\Dynamixel\P3\P3-325c70fd5aebbd129a3583fdb97339f83d80e37f\Serial\Serial-PC\Serial-PC\Control.cpp(87,12): warning C4244: '=': conversion from 'double' to 'char', possible loss of data
  DataCollector.cpp
C:\Users\Jacob Knudsen\Google Drev\Crustcrawler\Projekt\Dynamixel\P3\P3-325c70fd5aebbd129a3583fdb97339f83d80e37f\Serial\Serial-PC\include\myo\cxx\detail\ThrowOnError.hpp(39,1): warning C4297: 'myo::ThrowOnError::~ThrowOnError': function assumed not to throw an exception but does
C:\Users\Jacob Knudsen\Google Drev\Crustcrawler\Projekt\Dynamixel\P3\P3-325c70fd5aebbd129a3583fdb97339f83d80e37f\Serial\Serial-PC\include\myo\cxx\detail\ThrowOnError.hpp(39,1): message : destructor or deallocator has a (possibly implicit) non-throwing exception specification
C:\Users\Jacob Knudsen\Google Drev\Crustcrawler\Projekt\Dynamixel\P3\P3-325c70fd5aebbd129a3583fdb97339f83d80e37f\Serial\Serial-PC\include\myo\cxx\detail\ThrowOnError.hpp(45,1): warning C4297: 'myo::ThrowOnError::~ThrowOnError': function assumed not to throw an exception but does
C:\Users\Jacob Knudsen\Google Drev\Crustcrawler\Projekt\Dynamixel\P3\P3-325c70fd5aebbd129a3583fdb97339f83d80e37f\Serial\Serial-PC\include\myo\cxx\detail\ThrowOnError.hpp(45,1): message : destructor or deallocator has a (possibly implicit) non-throwing exception specification
C:\Users\Jacob Knudsen\Google Drev\Crustcrawler\Projekt\Dynamixel\P3\P3-325c70fd5aebbd129a3583fdb97339f83d80e37f\Serial\Serial-PC\Serial-PC\DataCollector.cpp(168,23): warning C4244: '=': conversion from 'double' to 'int', possible loss of data
C:\Users\Jacob Knudsen\Google Drev\Crustcrawler\Projekt\Dynamixel\P3\P3-325c70fd5aebbd129a3583fdb97339f83d80e37f\Serial\Serial-PC\Serial-PC\DataCollector.cpp(169,25): warning C4244: '=': conversion from 'double' to 'int', possible loss of data
C:\Users\Jacob Knudsen\Google Drev\Crustcrawler\Projekt\Dynamixel\P3\P3-325c70fd5aebbd129a3583fdb97339f83d80e37f\Serial\Serial-PC\Serial-PC\DataCollector.cpp(170,21): warning C4244: '=': conversion from 'double' to 'int', possible loss of data
  Run This.cpp
C:\Users\Jacob Knudsen\Google Drev\Crustcrawler\Projekt\Dynamixel\P3\P3-325c70fd5aebbd129a3583fdb97339f83d80e37f\Serial\Serial-PC\include\myo\cxx\detail\ThrowOnError.hpp(39,1): warning C4297: 'myo::ThrowOnError::~ThrowOnError': function assumed not to throw an exception but does
C:\Users\Jacob Knudsen\Google Drev\Crustcrawler\Projekt\Dynamixel\P3\P3-325c70fd5aebbd129a3583fdb97339f83d80e37f\Serial\Serial-PC\include\myo\cxx\detail\ThrowOnError.hpp(39,1): message : destructor or deallocator has a (possibly implicit) non-throwing exception specification
C:\Users\Jacob Knudsen\Google Drev\Crustcrawler\Projekt\Dynamixel\P3\P3-325c70fd5aebbd129a3583fdb97339f83d80e37f\Serial\Serial-PC\include\myo\cxx\detail\ThrowOnError.hpp(45,1): warning C4297: 'myo::ThrowOnError::~ThrowOnError': function assumed not to throw an exception but does
C:\Users\Jacob Knudsen\Google Drev\Crustcrawler\Projekt\Dynamixel\P3\P3-325c70fd5aebbd129a3583fdb97339f83d80e37f\Serial\Serial-PC\include\myo\cxx\detail\ThrowOnError.hpp(45,1): message : destructor or deallocator has a (possibly implicit) non-throwing exception specification
  Source.cpp
  Generating Code...
DataCollector.obj : error LNK2019: unresolved external symbol __imp__libmyo_error_cstring referenced in function "public: __thiscall myo::ThrowOnError::~ThrowOnError(void)" (??1ThrowOnError@myo@@QAE@XZ)
Run This.obj : error LNK2001: unresolved external symbol __imp__libmyo_error_cstring
DataCollector.obj : error LNK2019: unresolved external symbol __imp__libmyo_error_kind referenced in function "public: __thiscall myo::ThrowOnError::~ThrowOnError(void)" (??1ThrowOnError@myo@@QAE@XZ)
Run This.obj : error LNK2001: unresolved external symbol __imp__libmyo_error_kind
DataCollector.obj : error LNK2019: unresolved external symbol __imp__libmyo_free_error_details referenced in function "public: __thiscall myo::ThrowOnError::~ThrowOnError(void)" (??1ThrowOnError@myo@@QAE@XZ)
Run This.obj : error LNK2001: unresolved external symbol __imp__libmyo_free_error_details
DataCollector.obj : error LNK2019: unresolved external symbol __imp__libmyo_myo_unlock referenced in function "public: void __thiscall myo::Myo::unlock(enum myo::Myo::UnlockType)" (?unlock@Myo@myo@@QAEXW4UnlockType@12@@Z)
Run This.obj : error LNK2019: unresolved external symbol __imp__libmyo_init_hub referenced in function "public: __thiscall myo::Hub::Hub(class std::basic_string<char,struct std::char_traits<char>,class std::allocator<char> > const &)" (??0Hub@myo@@QAE@ABV?$basic_string@DU?$char_traits@D@std@@V?$allocator@D@2@@std@@@Z)
Run This.obj : error LNK2019: unresolved external symbol __imp__libmyo_shutdown_hub referenced in function "public: __thiscall myo::Hub::~Hub(void)" (??1Hub@myo@@QAE@XZ)
Run This.obj : error LNK2019: unresolved external symbol __imp__libmyo_set_stream_emg referenced in function "public: void __thiscall myo::Myo::setStreamEmg(enum myo::Myo::StreamEmgType)" (?setStreamEmg@Myo@myo@@QAEXW4StreamEmgType@12@@Z)
Run This.obj : error LNK2019: unresolved external symbol __imp__libmyo_event_get_type referenced in function "public: static enum libmyo_handler_result_t __cdecl `public: class myo::Myo * __thiscall myo::Hub::waitForMyo(unsigned int)'::`2'::local::handler(void *,void const *)" (?handler@local@?1??waitForMyo@Hub@myo@@QAEPAVMyo@4@I@Z@SA?AW4libmyo_handler_result_t@@PAXPBX@Z)
Run This.obj : error LNK2019: unresolved external symbol __imp__libmyo_event_get_timestamp referenced in function "protected: void __thiscall myo::Hub::onDeviceEvent(void const *)" (?onDeviceEvent@Hub@myo@@IAEXPBX@Z)
Run This.obj : error LNK2019: unresolved external symbol __imp__libmyo_event_get_myo referenced in function "public: static enum libmyo_handler_result_t __cdecl `public: class myo::Myo * __thiscall myo::Hub::waitForMyo(unsigned int)'::`2'::local::handler(void *,void const *)" (?handler@local@?1??waitForMyo@Hub@myo@@QAEPAVMyo@4@I@Z@SA?AW4libmyo_handler_result_t@@PAXPBX@Z)
Run This.obj : error LNK2019: unresolved external symbol __imp__libmyo_event_get_firmware_version referenced in function "protected: void __thiscall myo::Hub::onDeviceEvent(void const *)" (?onDeviceEvent@Hub@myo@@IAEXPBX@Z)
Run This.obj : error LNK2019: unresolved external symbol __imp__libmyo_event_get_arm referenced in function "protected: void __thiscall myo::Hub::onDeviceEvent(void const *)" (?onDeviceEvent@Hub@myo@@IAEXPBX@Z)
Run This.obj : error LNK2019: unresolved external symbol __imp__libmyo_event_get_x_direction referenced in function "protected: void __thiscall myo::Hub::onDeviceEvent(void const *)" (?onDeviceEvent@Hub@myo@@IAEXPBX@Z)
Run This.obj : error LNK2019: unresolved external symbol __imp__libmyo_event_get_warmup_state referenced in function "protected: void __thiscall myo::Hub::onDeviceEvent(void const *)" (?onDeviceEvent@Hub@myo@@IAEXPBX@Z)
Run This.obj : error LNK2019: unresolved external symbol __imp__libmyo_event_get_warmup_result referenced in function "protected: void __thiscall myo::Hub::onDeviceEvent(void const *)" (?onDeviceEvent@Hub@myo@@IAEXPBX@Z)
Run This.obj : error LNK2019: unresolved external symbol __imp__libmyo_event_get_rotation_on_arm referenced in function "protected: void __thiscall myo::Hub::onDeviceEvent(void const *)" (?onDeviceEvent@Hub@myo@@IAEXPBX@Z)
Run This.obj : error LNK2019: unresolved external symbol __imp__libmyo_event_get_orientation referenced in function "protected: void __thiscall myo::Hub::onDeviceEvent(void const *)" (?onDeviceEvent@Hub@myo@@IAEXPBX@Z)
Run This.obj : error LNK2019: unresolved external symbol __imp__libmyo_event_get_accelerometer referenced in function "protected: void __thiscall myo::Hub::onDeviceEvent(void const *)" (?onDeviceEvent@Hub@myo@@IAEXPBX@Z)
Run This.obj : error LNK2019: unresolved external symbol __imp__libmyo_event_get_gyroscope referenced in function "protected: void __thiscall myo::Hub::onDeviceEvent(void const *)" (?onDeviceEvent@Hub@myo@@IAEXPBX@Z)
Run This.obj : error LNK2019: unresolved external symbol __imp__libmyo_event_get_pose referenced in function "protected: void __thiscall myo::Hub::onDeviceEvent(void const *)" (?onDeviceEvent@Hub@myo@@IAEXPBX@Z)
Run This.obj : error LNK2019: unresolved external symbol __imp__libmyo_event_get_rssi referenced in function "protected: void __thiscall myo::Hub::onDeviceEvent(void const *)" (?onDeviceEvent@Hub@myo@@IAEXPBX@Z)
Run This.obj : error LNK2019: unresolved external symbol __imp__libmyo_event_get_battery_level referenced in function "protected: void __thiscall myo::Hub::onDeviceEvent(void const *)" (?onDeviceEvent@Hub@myo@@IAEXPBX@Z)
Run This.obj : error LNK2019: unresolved external symbol __imp__libmyo_event_get_emg referenced in function "protected: void __thiscall myo::Hub::onDeviceEvent(void const *)" (?onDeviceEvent@Hub@myo@@IAEXPBX@Z)
Run This.obj : error LNK2019: unresolved external symbol __imp__libmyo_run referenced in function "public: void __thiscall myo::Hub::run(unsigned int)" (?run@Hub@myo@@QAEXI@Z)
..\lib\myo64.lib : warning LNK4272: library machine type 'x64' conflicts with target machine type 'x86'
C:\Users\Jacob Knudsen\Google Drev\Crustcrawler\Projekt\Dynamixel\P3\P3-325c70fd5aebbd129a3583fdb97339f83d80e37f\Serial\Serial-PC\Debug\Serial-PC.exe : fatal error LNK1120: 24 unresolved externals
